<?xml version="1.0" encoding="UTF-8"?>
<robot generator="Robot 7.1.1 (Python 3.10.12 on linux)" generated="2024-11-15T15:26:00.390796" rpa="false" schemaversion="5">
<suite id="s1" name="Tests" source="/home/leevisuo/Documents/ohtu/ohtu_webcounter/src/tests">
<suite id="s1-s1" name="Increment" source="/home/leevisuo/Documents/ohtu/ohtu_webcounter/src/tests/increment.robot">
<kw name="Open And Configure Browser" owner="resource" type="SETUP">
<if>
<branch type="IF" condition="$BROWSER == 'chrome'">
<kw name="Evaluate" owner="BuiltIn">
<msg time="2024-11-15T15:26:00.488344" level="INFO">${options} = &lt;selenium.webdriver.chrome.options.Options object at 0x7aac8e431480&gt;</msg>
<var>${options}</var>
<arg>sys.modules['selenium.webdriver'].ChromeOptions()</arg>
<arg>sys</arg>
<doc>Evaluates the given expression in Python and returns the result.</doc>
<status status="PASS" start="2024-11-15T15:26:00.488036" elapsed="0.000339"/>
</kw>
<status status="PASS" start="2024-11-15T15:26:00.485810" elapsed="0.002621"/>
</branch>
<branch type="ELSE IF" condition="$BROWSER == 'firefox'">
<kw name="Evaluate" owner="BuiltIn">
<var>${options}</var>
<arg>sys.modules['selenium.webdriver'].FirefoxOptions()</arg>
<arg>sys</arg>
<doc>Evaluates the given expression in Python and returns the result.</doc>
<status status="NOT RUN" start="2024-11-15T15:26:00.488546" elapsed="0.000022"/>
</kw>
<status status="NOT RUN" start="2024-11-15T15:26:00.488462" elapsed="0.000142"/>
</branch>
<status status="PASS" start="2024-11-15T15:26:00.485789" elapsed="0.002839"/>
</if>
<if>
<branch type="IF" condition="$HEADLESS == 'true'">
<kw name="Set Selenium Speed" owner="SeleniumLibrary">
<arg>0</arg>
<doc>Sets the delay that is waited after each Selenium command.</doc>
<status status="NOT RUN" start="2024-11-15T15:26:00.488799" elapsed="0.000020"/>
</kw>
<kw name="Call Method" owner="BuiltIn">
<arg>${options}</arg>
<arg>add_argument</arg>
<arg>--headless</arg>
<doc>Calls the named method of the given object with the provided arguments.</doc>
<status status="NOT RUN" start="2024-11-15T15:26:00.488903" elapsed="0.000019"/>
</kw>
<status status="NOT RUN" start="2024-11-15T15:26:00.488669" elapsed="0.000284"/>
</branch>
<branch type="ELSE">
<kw name="Set Selenium Speed" owner="SeleniumLibrary">
<arg>${DELAY}</arg>
<doc>Sets the delay that is waited after each Selenium command.</doc>
<status status="PASS" start="2024-11-15T15:26:00.489040" elapsed="0.000203"/>
</kw>
<status status="PASS" start="2024-11-15T15:26:00.488976" elapsed="0.000306"/>
</branch>
<status status="PASS" start="2024-11-15T15:26:00.488658" elapsed="0.000649"/>
</if>
<kw name="Open Browser" owner="SeleniumLibrary">
<msg time="2024-11-15T15:26:00.489591" level="INFO">Opening browser 'chrome' to base url 'None'.</msg>
<msg time="2024-11-15T15:26:00.522581" level="WARN">The chromedriver version (130.0.6723.91) detected in PATH at /usr/bin/chromedriver might not be compatible with the detected chrome version (131.0.6778.69); currently, chromedriver 131.0.6778.69 is recommended for chrome 131.*, so it is advised to delete the driver in PATH and retry</msg>
<arg>browser=${BROWSER}</arg>
<arg>options=${options}</arg>
<doc>Opens a new browser instance to the optional ``url``.</doc>
<status status="PASS" start="2024-11-15T15:26:00.489399" elapsed="0.399801"/>
</kw>
<status status="PASS" start="2024-11-15T15:26:00.485628" elapsed="0.403968"/>
</kw>
<test id="s1-s1-t1" name="At start the counter is zero" line="7">
<kw name="Go To" owner="SeleniumLibrary">
<msg time="2024-11-15T15:26:00.890790" level="INFO">Opening url 'http://localhost:5001'</msg>
<arg>${HOME_URL}</arg>
<doc>Navigates the current browser window to the provided ``url``.</doc>
<status status="PASS" start="2024-11-15T15:26:00.890443" elapsed="0.550126"/>
</kw>
<kw name="Title Should Be" owner="SeleniumLibrary">
<msg time="2024-11-15T15:26:01.950567" level="INFO">Page title is 'Laskuri'.</msg>
<arg>Laskuri</arg>
<doc>Verifies that the current page title equals ``title``.</doc>
<status status="PASS" start="2024-11-15T15:26:01.441152" elapsed="0.509674"/>
</kw>
<kw name="Page Should Contain" owner="SeleniumLibrary">
<msg time="2024-11-15T15:26:02.979719" level="INFO">Current page contains text 'nappia painettu 0 kertaa'.</msg>
<arg>nappia painettu 0 kertaa</arg>
<doc>Verifies that current page contains ``text``.</doc>
<status status="PASS" start="2024-11-15T15:26:01.951330" elapsed="1.028595"/>
</kw>
<status status="PASS" start="2024-11-15T15:26:00.889804" elapsed="2.090606"/>
</test>
<test id="s1-s1-t2" name="When button pressed twice the counter is two" line="12">
<kw name="Go To" owner="SeleniumLibrary">
<msg time="2024-11-15T15:26:02.981958" level="INFO">Opening url 'http://localhost:5001'</msg>
<arg>${HOME_URL}</arg>
<doc>Navigates the current browser window to the provided ``url``.</doc>
<status status="PASS" start="2024-11-15T15:26:02.981597" elapsed="0.526952"/>
</kw>
<kw name="Click Button" owner="SeleniumLibrary">
<msg time="2024-11-15T15:26:03.509769" level="INFO">Clicking button 'Paina'.</msg>
<arg>Paina</arg>
<doc>Clicks the button identified by ``locator``.</doc>
<status status="PASS" start="2024-11-15T15:26:03.509073" elapsed="1.582014"/>
</kw>
<kw name="Click Button" owner="SeleniumLibrary">
<msg time="2024-11-15T15:26:05.092323" level="INFO">Clicking button 'Paina'.</msg>
<arg>Paina</arg>
<doc>Clicks the button identified by ``locator``.</doc>
<status status="PASS" start="2024-11-15T15:26:05.091844" elapsed="1.554832"/>
</kw>
<kw name="Page Should Contain" owner="SeleniumLibrary">
<msg time="2024-11-15T15:26:07.666125" level="INFO">Current page contains text 'nappia painettu 2 kertaa'.</msg>
<arg>nappia painettu 2 kertaa</arg>
<doc>Verifies that current page contains ``text``.</doc>
<status status="PASS" start="2024-11-15T15:26:06.647284" elapsed="1.019142"/>
</kw>
<status status="PASS" start="2024-11-15T15:26:02.980883" elapsed="4.686045"/>
</test>
<test id="s1-s1-t3" name="Reset button is working" line="18">
<kw name="Go To" owner="SeleniumLibrary">
<msg time="2024-11-15T15:26:07.669020" level="INFO">Opening url 'http://localhost:5001'</msg>
<arg>${HOME_URL}</arg>
<doc>Navigates the current browser window to the provided ``url``.</doc>
<status status="PASS" start="2024-11-15T15:26:07.668287" elapsed="0.529306"/>
</kw>
<kw name="Click Button" owner="SeleniumLibrary">
<msg time="2024-11-15T15:26:08.198641" level="INFO">Clicking button 'Paina'.</msg>
<arg>Paina</arg>
<doc>Clicks the button identified by ``locator``.</doc>
<status status="PASS" start="2024-11-15T15:26:08.198184" elapsed="1.582286"/>
</kw>
<kw name="Page Should Contain" owner="SeleniumLibrary">
<msg time="2024-11-15T15:26:10.798467" level="INFO">Current page contains text 'nappia painettu 3 kertaa'.</msg>
<arg>nappia painettu 3 kertaa</arg>
<doc>Verifies that current page contains ``text``.</doc>
<status status="PASS" start="2024-11-15T15:26:09.781189" elapsed="1.017532"/>
</kw>
<kw name="Click Button" owner="SeleniumLibrary">
<msg time="2024-11-15T15:26:10.799778" level="INFO">Clicking button 'Nollaa'.</msg>
<arg>Nollaa</arg>
<doc>Clicks the button identified by ``locator``.</doc>
<status status="PASS" start="2024-11-15T15:26:10.799226" elapsed="1.559429"/>
</kw>
<kw name="Page Should Contain" owner="SeleniumLibrary">
<msg time="2024-11-15T15:26:13.372221" level="INFO">Current page contains text 'nappia painettu 0 kertaa'.</msg>
<arg>nappia painettu 0 kertaa</arg>
<doc>Verifies that current page contains ``text``.</doc>
<status status="PASS" start="2024-11-15T15:26:12.359497" elapsed="1.013018"/>
</kw>
<status status="PASS" start="2024-11-15T15:26:07.667553" elapsed="5.705505"/>
</test>
<test id="s1-s1-t4" name="Setting the value is working" line="25">
<kw name="Go To" owner="SeleniumLibrary">
<msg time="2024-11-15T15:26:13.374796" level="INFO">Opening url 'http://localhost:5001'</msg>
<arg>${HOME_URL}</arg>
<doc>Navigates the current browser window to the provided ``url``.</doc>
<status status="PASS" start="2024-11-15T15:26:13.374383" elapsed="0.526851"/>
</kw>
<kw name="Input Text" owner="SeleniumLibrary">
<msg time="2024-11-15T15:26:13.902249" level="INFO">Typing text '10' into text field 'value'.</msg>
<arg>value</arg>
<arg>10</arg>
<doc>Types the given ``text`` into the text field identified by ``locator``.</doc>
<status status="PASS" start="2024-11-15T15:26:13.901813" elapsed="1.578853"/>
</kw>
<kw name="Click Button" owner="SeleniumLibrary">
<msg time="2024-11-15T15:26:15.481729" level="INFO">Clicking button 'set_value'.</msg>
<arg>set_value</arg>
<doc>Clicks the button identified by ``locator``.</doc>
<status status="PASS" start="2024-11-15T15:26:15.481279" elapsed="1.565447"/>
</kw>
<kw name="Page Should Contain" owner="SeleniumLibrary">
<msg time="2024-11-15T15:26:18.063131" level="INFO">Current page contains text 'nappia painettu 10 kertaa'.</msg>
<arg>nappia painettu 10 kertaa</arg>
<doc>Verifies that current page contains ``text``.</doc>
<status status="PASS" start="2024-11-15T15:26:17.047452" elapsed="1.015982"/>
</kw>
<kw name="Input Text" owner="SeleniumLibrary">
<msg time="2024-11-15T15:26:18.064433" level="INFO">Typing text '-12' into text field 'value'.</msg>
<arg>value</arg>
<arg>-12</arg>
<doc>Types the given ``text`` into the text field identified by ``locator``.</doc>
<status status="PASS" start="2024-11-15T15:26:18.063992" elapsed="1.580679"/>
</kw>
<kw name="Click Button" owner="SeleniumLibrary">
<msg time="2024-11-15T15:26:19.645756" level="INFO">Clicking button 'set_value'.</msg>
<arg>set_value</arg>
<doc>Clicks the button identified by ``locator``.</doc>
<status status="PASS" start="2024-11-15T15:26:19.645298" elapsed="1.555995"/>
</kw>
<kw name="Page Should Contain" owner="SeleniumLibrary">
<msg time="2024-11-15T15:26:22.224581" level="INFO">Current page contains text 'nappia painettu -12 kertaa'.</msg>
<arg>nappia painettu -12 kertaa</arg>
<doc>Verifies that current page contains ``text``.</doc>
<status status="PASS" start="2024-11-15T15:26:21.201925" elapsed="1.022922"/>
</kw>
<status status="PASS" start="2024-11-15T15:26:13.373584" elapsed="8.851867"/>
</test>
<kw name="Close Browser" owner="SeleniumLibrary" type="TEARDOWN">
<doc>Closes the current browser.</doc>
<status status="PASS" start="2024-11-15T15:26:22.226772" elapsed="0.559150"/>
</kw>
<status status="PASS" start="2024-11-15T15:26:00.404382" elapsed="22.381742"/>
</suite>
<status status="PASS" start="2024-11-15T15:26:00.391488" elapsed="22.396216"/>
</suite>
<statistics>
<total>
<stat pass="4" fail="0" skip="0">All Tests</stat>
</total>
<tag>
</tag>
<suite>
<stat pass="4" fail="0" skip="0" id="s1" name="Tests">Tests</stat>
<stat pass="4" fail="0" skip="0" id="s1-s1" name="Increment">Tests.Increment</stat>
</suite>
</statistics>
<errors>
<msg time="2024-11-15T15:26:00.522581" level="WARN">The chromedriver version (130.0.6723.91) detected in PATH at /usr/bin/chromedriver might not be compatible with the detected chrome version (131.0.6778.69); currently, chromedriver 131.0.6778.69 is recommended for chrome 131.*, so it is advised to delete the driver in PATH and retry</msg>
</errors>
</robot>
